<?xml version="1.0" encoding="UTF-8"?>
<!-- Generated by org.testng.reporters.JUnitXMLReporter -->
<testsuite ignored="1" hostname="Devis-MacBook-Pro.local" failures="0" tests="1" name="Default test" time="27.718" errors="0" timestamp="18 Jun. 2019 23:54:49 GMT">
  <testcase classname="JustEat.JustToEat_Scenario_RefineTheSearchByDifferentFilters" name="JustToEat" time="27.66"/>
  <testcase classname="JustEat.JustToEat_Scenario_RefineTheSearchByDifferentFilters" name="closeBrowser" time="0.0">
    <ignored/>
  </testcase> <!-- closeBrowser -->
</testsuite> <!-- Default test -->
